#
# A fatal error has been detected by the Java Runtime Environment:
#
#  EXCEPTION_ACCESS_VIOLATION (0xc0000005) at pc=0x0000000055a6a3c5, pid=22488, tid=17924
#
# JRE version: Java(TM) SE Runtime Environment (8.0_25-b18) (build 1.8.0_25-b18)
# Java VM: Java HotSpot(TM) 64-Bit Server VM (25.25-b02 mixed mode windows-amd64 compressed oops)
# Problematic frame:
# V  [jvm.dll+0x11a3c5]
#
# Failed to write core dump. Minidumps are not enabled by default on client versions of Windows
#
# If you would like to submit a bug report, please visit:
#   http://bugreport.sun.com/bugreport/crash.jsp
#

---------------  T H R E A D  ---------------

Current thread (0x0000000014d8e000):  JavaThread "JDWP Transport Listener: dt_socket" daemon [_thread_in_vm, id=17924, stack(0x00000000162e0000,0x00000000163e0000)]

siginfo: ExceptionCode=0xc0000005, reading address 0xffffffffffffffff

Registers:
RAX=0x00000000163df501, RBX=0x0000000014d8e000, RCX=0x3b7473694c656c62, RDX=0x0000000000000000
RSP=0x00000000163df4c0, RBP=0x3b7473694c656c62, RSI=0x00000000163df5d8, RDI=0x00000000027f8790
R8 =0x0000000014d8e000, R9 =0x0000000000008000, R10=0x0000000000000000, R11=0x00000000163df7b2
R12=0x0000000000000000, R13=0x0000000014d8ef08, R14=0x0000000000000000, R15=0x0000000000000000
RIP=0x0000000055a6a3c5, EFLAGS=0x0000000000010202

Top of Stack: (sp=0x00000000163df4c0)
0x00000000163df4c0:   0000000014d8e000 0000000014d8e000
0x00000000163df4d0:   00000000163df588 0000000055c678db
0x00000000163df4e0:   0000000014d8e000 0000000055c8413d
0x00000000163df4f0:   0000000000000000 00000000551f9149
0x00000000163df500:   0000000016c3b068 0000000055202912
0x00000000163df510:   0000000014d8e000 0000000000000000
0x00000000163df520:   0000000000000000 0000000000000000
0x00000000163df530:   3b7473694c656c62 0000000055201a09
0x00000000163df540:   00000000163df5d8 00000000163df5b0
0x00000000163df550:   0000000000000001 0000000016c3b068
0x00000000163df560:   3b7473694c656c62 00000000551e53b3
0x00000000163df570:   00000000163df6a0 0000000000000001
0x00000000163df580:   0000000000000001 0000000016c3b068
0x00000000163df590:   000000000000000a 0000000000000000
0x00000000163df5a0:   0000000000000000 0000000000000000
0x00000000163df5b0:   0000000000000001 00000000551e5571 

Instructions: (pc=0x0000000055a6a3c5)
0x0000000055a6a3a5:   cc cc cc cc cc cc cc cc cc cc cc 48 83 ec 28 48
0x0000000055a6a3b5:   85 c9 75 07 33 c0 48 83 c4 28 c3 48 89 5c 24 20
0x0000000055a6a3c5:   48 8b 19 48 85 db 74 20 48 83 fb 37 74 1a 48 8b
0x0000000055a6a3d5:   13 48 8b cb ff 52 10 84 c0 74 0d 48 8b c3 48 8b 


Register to memory mapping:

RAX=0x00000000163df501 is pointing into the stack for thread: 0x0000000014d8e000
RBX=0x0000000014d8e000 is a thread
RCX=0x3b7473694c656c62 is an unknown value
RDX=0x0000000000000000 is an unknown value
RSP=0x00000000163df4c0 is pointing into the stack for thread: 0x0000000014d8e000
RBP=0x3b7473694c656c62 is an unknown value
RSI=0x00000000163df5d8 is pointing into the stack for thread: 0x0000000014d8e000
RDI=0x00000000027f8790 is an unknown value
R8 =0x0000000014d8e000 is a thread
R9 =0x0000000000008000 is an unknown value
R10=0x0000000000000000 is an unknown value
R11=0x00000000163df7b2 is pointing into the stack for thread: 0x0000000014d8e000
R12=0x0000000000000000 is an unknown value
R13=0x0000000014d8ef08 is an unknown value
R14=0x0000000000000000 is an unknown value
R15=0x0000000000000000 is an unknown value


Stack: [0x00000000162e0000,0x00000000163e0000],  sp=0x00000000163df4c0,  free space=1021k
Native frames: (J=compiled Java code, j=interpreted, Vv=VM code, C=native code)
V  [jvm.dll+0x11a3c5]
V  [jvm.dll+0x33413d]
C  [jdwp.dll+0x21a09]
C  [jdwp.dll+0x53b3]
C  [jdwp.dll+0x5571]
C  [jdwp.dll+0xf09c]
C  [jdwp.dll+0x1f2c9]
C  [jdwp.dll+0x1f49e]
V  [jvm.dll+0x1abba8]
V  [jvm.dll+0x22bde4]
V  [jvm.dll+0x2852fa]
C  [msvcr100.dll+0x21d9f]
C  [msvcr100.dll+0x21e3b]
C  [KERNEL32.DLL+0x16ad]
C  [ntdll.dll+0x54409]


---------------  P R O C E S S  ---------------

Java Threads: ( => current thread )
  0x0000000016c36800 JavaThread "Service Thread" daemon [_thread_blocked, id=22860, stack(0x0000000016fe0000,0x00000000170e0000)]
  0x0000000014da6000 JavaThread "C1 CompilerThread2" daemon [_thread_blocked, id=21996, stack(0x0000000016ae0000,0x0000000016be0000)]
  0x0000000014da5000 JavaThread "C2 CompilerThread1" daemon [_thread_blocked, id=12724, stack(0x00000000169e0000,0x0000000016ae0000)]
  0x0000000014da0000 JavaThread "C2 CompilerThread0" daemon [_thread_blocked, id=19784, stack(0x00000000168e0000,0x00000000169e0000)]
  0x0000000014d94000 JavaThread "JDWP Command Reader" daemon [_thread_in_native, id=16444, stack(0x00000000167e0000,0x00000000168e0000)]
  0x0000000014d93000 JavaThread "JDWP Event Helper Thread" daemon [_thread_blocked, id=12496, stack(0x00000000166e0000,0x00000000167e0000)]
=>0x0000000014d8e000 JavaThread "JDWP Transport Listener: dt_socket" daemon [_thread_in_vm, id=17924, stack(0x00000000162e0000,0x00000000163e0000)]
  0x0000000014d7c800 JavaThread "Attach Listener" daemon [_thread_blocked, id=8188, stack(0x00000000161e0000,0x00000000162e0000)]
  0x0000000014d7b800 JavaThread "Signal Dispatcher" daemon [_thread_blocked, id=19396, stack(0x00000000160e0000,0x00000000161e0000)]
  0x0000000002763800 JavaThread "Finalizer" daemon [_thread_blocked, id=20492, stack(0x0000000015fe0000,0x00000000160e0000)]
  0x000000000275c800 JavaThread "Reference Handler" daemon [_thread_blocked, id=6884, stack(0x0000000015ee0000,0x0000000015fe0000)]
  0x00000000027fd800 JavaThread "main" [_thread_blocked, id=10688, stack(0x0000000002540000,0x0000000002640000)]

Other Threads:
  0x0000000014d45800 VMThread [stack: 0x0000000015de0000,0x0000000015ee0000] [id=12592]
  0x0000000016c3a000 WatcherThread [stack: 0x00000000170e0000,0x00000000171e0000] [id=11840]

VM state:not at safepoint (normal execution)

VM Mutex/Monitor currently owned by a thread: None

Heap:
 PSYoungGen      total 18432K, used 1904K [0x00000000eb600000, 0x00000000eca80000, 0x0000000100000000)
  eden space 15872K, 12% used [0x00000000eb600000,0x00000000eb7dc3a0,0x00000000ec580000)
  from space 2560K, 0% used [0x00000000ec800000,0x00000000ec800000,0x00000000eca80000)
  to   space 2560K, 0% used [0x00000000ec580000,0x00000000ec580000,0x00000000ec800000)
 ParOldGen       total 42496K, used 0K [0x00000000c2200000, 0x00000000c4b80000, 0x00000000eb600000)
  object space 42496K, 0% used [0x00000000c2200000,0x00000000c2200000,0x00000000c4b80000)
 Metaspace       used 3400K, capacity 4568K, committed 4864K, reserved 1056768K
  class space    used 390K, capacity 392K, committed 512K, reserved 1048576K

Card table byte_map: [0x0000000011bc0000,0x0000000011db0000] byte_map_base: 0x00000000115af000

Marking Bits: (ParMarkBitMap*) 0x000000005612d490
 Begin Bits: [0x0000000012300000, 0x0000000013278000)
 End Bits:   [0x0000000013278000, 0x00000000141f0000)

Polling page: 0x0000000002640000

CodeCache: size=245760Kb used=1205Kb max_used=1205Kb free=244554Kb
 bounds [0x0000000002800000, 0x0000000002a70000, 0x0000000011800000]
 total_blobs=306 nmethods=68 adapters=160
 compilation: enabled

Compilation events (10 events):
Event: 0.164 Thread 0x0000000014da6000   64       3       java.util.zip.CRC32::update (16 bytes)
Event: 0.164 Thread 0x0000000014da6000 nmethod 64 0x000000000292b210 code [0x000000000292b360, 0x000000000292b4f0]
Event: 0.164 Thread 0x0000000014da6000   65       3       sun.util.calendar.ZoneInfoFile$Checksum::update (39 bytes)
Event: 0.164 Thread 0x0000000014da6000 nmethod 65 0x000000000292ac90 code [0x000000000292ae00, 0x000000000292b110]
Event: 0.168 Thread 0x0000000014da6000   66       1       java.lang.String::length (6 bytes)
Event: 0.168 Thread 0x0000000014da6000 nmethod 66 0x000000000292d150 code [0x000000000292d2a0, 0x000000000292d3b0]
Event: 0.168 Thread 0x0000000014da6000   68       3       java.lang.AbstractStringBuilder::<init> (12 bytes)
Event: 0.168 Thread 0x0000000014da6000 nmethod 68 0x000000000292d450 code [0x000000000292d5c0, 0x000000000292d810]
Event: 0.168 Thread 0x0000000014da6000   67       3       java.util.concurrent.ConcurrentHashMap::spread (10 bytes)
Event: 0.168 Thread 0x0000000014da6000 nmethod 67 0x000000000292d8d0 code [0x000000000292da20, 0x000000000292db70]

GC Heap History (0 events):
No events

Deoptimization events (0 events):
No events

Internal exceptions (10 events):
Event: 0.039 Thread 0x00000000027fd800 Exception <a 'java/lang/NoSuchMethodError': Method sun.misc.Unsafe.defineClass(Ljava/lang/String;[BII)Ljava/lang/Class; name or signature does not match> (0x00000000eb60c8c0) thrown at [D:\re\workspace\8-2-build-windows-amd64-cygwin\jdk8u25\1677\hotspot\sr‚Ò{ãÇ£?
Event: 0.039 Thread 0x00000000027fd800 Exception <a 'java/lang/NoSuchMethodError': Method sun.misc.Unsafe.prefetchRead(Ljava/lang/Object;J)V name or signature does not match> (0x00000000eb60cb50) thrown at [D:\re\workspace\8-2-build-windows-amd64-cygwin\jdk8u25\1677\hotspot\src\share\vm\prims\jé
fËÆ‘»?
Event: 0.108 Thread 0x00000000027fd800 Exception <a 'java/security/PrivilegedActionException'> (0x00000000eb6af6c0) thrown at [D:\re\workspace\8-2-build-windows-amd64-cygwin\jdk8u25\1677\hotspot\src\share\vm\prims\jvm.cpp, line 1312]
Event: 0.118 Thread 0x00000000027fd800 Exception <a 'java/security/PrivilegedActionException'> (0x00000000eb6b5fc8) thrown at [D:\re\workspace\8-2-build-windows-amd64-cygwin\jdk8u25\1677\hotspot\src\share\vm\prims\jvm.cpp, line 1312]
Event: 0.136 Thread 0x00000000027fd800 Exception <a 'java/security/PrivilegedActionException'> (0x00000000eb6db658) thrown at [D:\re\workspace\8-2-build-windows-amd64-cygwin\jdk8u25\1677\hotspot\src\share\vm\prims\jvm.cpp, line 1312]
Event: 0.137 Thread 0x00000000027fd800 Exception <a 'java/security/PrivilegedActionException'> (0x00000000eb6db9a0) thrown at [D:\re\workspace\8-2-build-windows-amd64-cygwin\jdk8u25\1677\hotspot\src\share\vm\prims\jvm.cpp, line 1312]
Event: 0.137 Thread 0x00000000027fd800 Exception <a 'java/security/PrivilegedActionException'> (0x00000000eb6df628) thrown at [D:\re\workspace\8-2-build-windows-amd64-cygwin\jdk8u25\1677\hotspot\src\share\vm\prims\jvm.cpp, line 1312]
Event: 0.137 Thread 0x00000000027fd800 Exception <a 'java/security/PrivilegedActionException'> (0x00000000eb6df970) thrown at [D:\re\workspace\8-2-build-windows-amd64-cygwin\jdk8u25\1677\hotspot\src\share\vm\prims\jvm.cpp, line 1312]
Event: 0.152 Thread 0x00000000027fd800 Exception <a 'java/security/PrivilegedActionException'> (0x00000000eb794078) thrown at [D:\re\workspace\8-2-build-windows-amd64-cygwin\jdk8u25\1677\hotspot\src\share\vm\prims\jvm.cpp, line 1312]
Event: 0.166 Thread 0x00000000027fd800 Exception <a 'java/security/PrivilegedActionException'> (0x00000000eb7c9d20) thrown at [D:\re\workspace\8-2-build-windows-amd64-cygwin\jdk8u25\1677\hotspot\src\share\vm\prims\jvm.cpp, line 1312]

Events (10 events):
Event: 2777.291 Executing VM operation: ChangeBreakpoints
Event: 2777.292 Executing VM operation: ChangeBreakpoints done
Event: 2853.635 Executing VM operation: RedefineClasses
Event: 2853.636 Executing VM operation: RedefineClasses done
Event: 2853.640 Executing VM operation: ChangeBreakpoints
Event: 2853.640 Executing VM operation: ChangeBreakpoints done
Event: 2944.672 Executing VM operation: RedefineClasses
Event: 2944.672 Executing VM operation: RedefineClasses done
Event: 3253.908 Executing VM operation: RedefineClasses
Event: 3253.909 Executing VM operation: RedefineClasses done


Dynamic libraries:
0x00007ff6d1ad0000 - 0x00007ff6d1b04000 	C:\Program Files\Java\jre1.8.0_25\bin\javaw.exe
0x00007ffb07ad0000 - 0x00007ffb07c76000 	C:\Windows\SYSTEM32\ntdll.dll
0x00007ffb07760000 - 0x00007ffb0789a000 	C:\Windows\system32\KERNEL32.DLL
0x00007ffb04fc0000 - 0x00007ffb050cf000 	C:\Windows\system32\KERNELBASE.dll
0x00007ffb03a50000 - 0x00007ffb03ad8000 	C:\Windows\system32\apphelp.dll
0x00007ffaf5220000 - 0x00007ffaf526f000 	C:\Windows\AppPatch\AppPatch64\AcGenral.DLL
0x00007ffb078a0000 - 0x00007ffb07947000 	C:\Windows\system32\msvcrt.dll
0x00007ffb04cf0000 - 0x00007ffb04d1b000 	C:\Windows\SYSTEM32\SspiCli.dll
0x00007ffb05df0000 - 0x00007ffb05e41000 	C:\Windows\system32\SHLWAPI.dll
0x00007ffb07950000 - 0x00007ffb07ac1000 	C:\Windows\system32\USER32.dll
0x00007ffb05350000 - 0x00007ffb054c8000 	C:\Windows\system32\ole32.dll
0x00007ffb06280000 - 0x00007ffb0768f000 	C:\Windows\system32\SHELL32.dll
0x00007ffb044b0000 - 0x00007ffb044ce000 	C:\Windows\SYSTEM32\USERENV.dll
0x00007ffb05af0000 - 0x00007ffb05b95000 	C:\Windows\system32\ADVAPI32.dll
0x00007ffafbd80000 - 0x00007ffafbd9b000 	C:\Windows\SYSTEM32\MPR.dll
0x00007ffb055c0000 - 0x00007ffb056f7000 	C:\Windows\system32\RPCRT4.dll
0x00007ffb05700000 - 0x00007ffb05757000 	C:\Windows\SYSTEM32\sechost.dll
0x00007ffb058b0000 - 0x00007ffb05a86000 	C:\Windows\SYSTEM32\combase.dll
0x00007ffb05760000 - 0x00007ffb058a4000 	C:\Windows\system32\GDI32.dll
0x00007ffb04e40000 - 0x00007ffb04e54000 	C:\Windows\SYSTEM32\profapi.dll
0x00007ffb02e60000 - 0x00007ffb02eff000 	C:\Windows\SYSTEM32\SHCORE.dll
0x00007ffb05c70000 - 0x00007ffb05ca4000 	C:\Windows\system32\IMM32.DLL
0x00007ffb05cb0000 - 0x00007ffb05de9000 	C:\Windows\system32\MSCTF.dll
0x00007ffb00b40000 - 0x00007ffb00d9a000 	C:\Windows\WinSxS\amd64_microsoft.windows.common-controls_6595b64144ccf1df_6.0.9600.17031_none_6242a4b3ecbb55a1\COMCTL32.dll
0x0000000055220000 - 0x00000000552f2000 	C:\Program Files\Java\jre1.8.0_25\bin\msvcr100.dll
0x0000000055950000 - 0x00000000561aa000 	C:\Program Files\Java\jre1.8.0_25\bin\server\jvm.dll
0x00007ffafc130000 - 0x00007ffafc139000 	C:\Windows\SYSTEM32\WSOCK32.dll
0x00007ffafc1f0000 - 0x00007ffafc20f000 	C:\Windows\SYSTEM32\WINMM.dll
0x00007ffb055b0000 - 0x00007ffb055b7000 	C:\Windows\system32\PSAPI.DLL
0x00007ffb05c10000 - 0x00007ffb05c68000 	C:\Windows\system32\WS2_32.dll
0x00007ffafc1c0000 - 0x00007ffafc1ea000 	C:\Windows\SYSTEM32\WINMMBASE.dll
0x00007ffb054d0000 - 0x00007ffb054d9000 	C:\Windows\system32\NSI.dll
0x00007ffb050d0000 - 0x00007ffb0511a000 	C:\Windows\SYSTEM32\cfgmgr32.dll
0x00007ffb03cb0000 - 0x00007ffb03cd6000 	C:\Windows\SYSTEM32\DEVOBJ.dll
0x0000000055940000 - 0x000000005594f000 	C:\Program Files\Java\jre1.8.0_25\bin\verify.dll
0x0000000055910000 - 0x0000000055938000 	C:\Program Files\Java\jre1.8.0_25\bin\java.dll
0x00000000551e0000 - 0x0000000055215000 	C:\Program Files\Java\jre1.8.0_25\bin\jdwp.dll
0x00000000551d0000 - 0x00000000551d8000 	C:\Program Files\Java\jre1.8.0_25\bin\npt.dll
0x00000000558f0000 - 0x0000000055906000 	C:\Program Files\Java\jre1.8.0_25\bin\zip.dll
0x00000000551c0000 - 0x00000000551c9000 	C:\Program Files\Java\jre1.8.0_25\bin\dt_socket.dll
0x00007ffaf3bb0000 - 0x00007ffaf3bc4000 	C:\Windows\system32\napinsp.dll
0x00007ffaf3e50000 - 0x00007ffaf3e69000 	C:\Windows\system32\pnrpnsp.dll
0x00007ffb03180000 - 0x00007ffb03199000 	C:\Windows\system32\NLAapi.dll
0x00007ffb04750000 - 0x00007ffb047a8000 	C:\Windows\System32\mswsock.dll
0x00007ffb04560000 - 0x00007ffb04603000 	C:\Windows\SYSTEM32\DNSAPI.dll
0x00007ffaf3af0000 - 0x00007ffaf3afc000 	C:\Windows\System32\winrnr.dll
0x00007ffaf3e70000 - 0x00007ffaf3e83000 	C:\Windows\system32\wshbth.dll
0x0000000056590000 - 0x00000000565b6000 	C:\Program Files\Bonjour\mdnsNSP.dll
0x00007ffaffaa0000 - 0x00007ffaffac9000 	C:\Windows\SYSTEM32\Iphlpapi.DLL
0x00007ffaffa90000 - 0x00007ffaffa9a000 	C:\Windows\SYSTEM32\WINNSI.DLL
0x00007ffaff700000 - 0x00007ffaff768000 	C:\Windows\System32\fwpuclnt.dll
0x00007ffaf5b20000 - 0x00007ffaf5b29000 	C:\Windows\System32\rasadhlp.dll
0x00007ffadae60000 - 0x00007ffadafe8000 	C:\Windows\SYSTEM32\dbghelp.dll

VM Arguments:
jvm_args: -agentlib:jdwp=transport=dt_socket,suspend=y,address=localhost:49222 -Dfile.encoding=Cp1252 
java_command: knightstale.KnightsTale
java_class_path (initial): C:\Users\david\Documents\Java\KnightsTale\bin;C:\Program Files\Eclipse\JBDC jar driver\sqlite-jdbc-3.8.7.jar
Launcher Type: SUN_STANDARD

Environment Variables:
PATH=C:/Program Files/Java/jre1.8.0_25/bin/server;C:/Program Files/Java/jre1.8.0_25/bin;C:/Program Files/Java/jre1.8.0_25/lib/amd64;C:\ProgramData\Oracle\Java\javapath;C:\Program Files (x86)\Intel\iCLS Client\;C:\Program Files\Intel\iCLS Client\;C:\Windows\system32;C:\Windows;C:\Windows\System32\Wbem;C:\Windows\System32\WindowsPowerShell\v1.0\;C:\Program Files\Intel\Intel(R) Management Engine Components\DAL;C:\Program Files\Intel\Intel(R) Management Engine Components\IPT;C:\Program Files (x86)\Intel\Intel(R) Management Engine Components\DAL;C:\Program Files (x86)\Intel\Intel(R) Management Engine Components\IPT;C:\Program Files (x86)\Intel\OpenCL SDK\2.0\bin\x86;C:\Program Files (x86)\Intel\OpenCL SDK\2.0\bin\x64;C:\Program Files\Intel\WiFi\bin\;C:\Program Files\Common Files\Intel\WirelessCommon\;c:\Program Files\Microsoft SQL Server\110\Tools\Binn\;c:\Program Files (x86)\Microsoft SQL Server\110\Tools\Binn\;c:\Program Files\Microsoft SQL Server\110\DTS\Binn\;c:\Program Files (x86)\Microsoft SQL Server\110\Tools\Binn\ManagementStudio\;c:\Program Files (x86)\Microsoft SQL Server\110\DTS\Binn\;C:\Program Files (x86)\Git\cmd;C:\Program Files\Intel\WiFi\bin\;C:\Program Files\Common Files\Intel\WirelessCommon\;C:\Program Files\Eclipse;
USERNAME=david
OS=Windows_NT
PROCESSOR_IDENTIFIER=Intel64 Family 6 Model 58 Stepping 9, GenuineIntel



---------------  S Y S T E M  ---------------

OS: Windows 8.1 , 64 bit Build 9600 

CPU:total 4 (2 cores per cpu, 2 threads per core) family 6 model 58 stepping 9, cmov, cx8, fxsr, mmx, sse, sse2, sse3, ssse3, sse4.1, sse4.2, popcnt, avx, clmul, erms, ht, tsc, tscinvbit, tscinv

Memory: 4k page, physical 4049556k(1258448k free), swap 5622420k(1334272k free)

vm_info: Java HotSpot(TM) 64-Bit Server VM (25.25-b02) for windows-amd64 JRE (1.8.0_25-b18), built on Oct  7 2014 14:25:37 by "java_re" with MS VC++ 10.0 (VS2010)

time: Sun Nov 30 23:56:33 2014
elapsed time: 3254 seconds (0d 0h 54m 14s)

